{"/Volumes/T7/Recent Work/react-native-formik-unit-testing/App.js": {"path":"/Volumes/T7/Recent Work/react-native-formik-unit-testing/App.js","statementMap":{"0":{"start":{"line":13,"column":15},"end":{"line":16,"column":2}},"1":{"start":{"line":19,"column":21},"end":{"line":19,"column":60}},"2":{"start":{"line":20,"column":23},"end":{"line":20,"column":60}},"3":{"start":{"line":21,"column":16},"end":{"line":24,"column":4}},"4":{"start":{"line":25,"column":28},"end":{"line":25,"column":71}},"5":{"start":{"line":27,"column":2},"end":{"line":33,"column":9}},"6":{"start":{"line":28,"column":4},"end":{"line":32,"column":15}},"7":{"start":{"line":34,"column":20},"end":{"line":39,"column":3}},"8":{"start":{"line":35,"column":4},"end":{"line":38,"column":15}},"9":{"start":{"line":40,"column":21},"end":{"line":45,"column":3}},"10":{"start":{"line":41,"column":4},"end":{"line":44,"column":15}},"11":{"start":{"line":47,"column":2},"end":{"line":107,"column":4}},"12":{"start":{"line":53,"column":30},"end":{"line":53,"column":49}},"13":{"start":{"line":63,"column":10},"end":{"line":103,"column":12}},"14":{"start":{"line":110,"column":15},"end":{"line":138,"column":2}}},"fnMap":{"0":{"name":"App","decl":{"start":{"line":18,"column":24},"end":{"line":18,"column":27}},"loc":{"start":{"line":18,"column":30},"end":{"line":108,"column":1}},"line":18},"1":{"name":"(anonymous_1)","decl":{"start":{"line":27,"column":12},"end":{"line":27,"column":13}},"loc":{"start":{"line":27,"column":18},"end":{"line":33,"column":3}},"line":27},"2":{"name":"(anonymous_2)","decl":{"start":{"line":34,"column":20},"end":{"line":34,"column":21}},"loc":{"start":{"line":34,"column":26},"end":{"line":39,"column":3}},"line":34},"3":{"name":"(anonymous_3)","decl":{"start":{"line":40,"column":21},"end":{"line":40,"column":22}},"loc":{"start":{"line":40,"column":27},"end":{"line":45,"column":3}},"line":40},"4":{"name":"(anonymous_4)","decl":{"start":{"line":53,"column":18},"end":{"line":53,"column":19}},"loc":{"start":{"line":53,"column":30},"end":{"line":53,"column":49}},"line":53},"5":{"name":"(anonymous_5)","decl":{"start":{"line":55,"column":9},"end":{"line":55,"column":10}},"loc":{"start":{"line":62,"column":14},"end":{"line":104,"column":9}},"line":62}},"branchMap":{"0":{"loc":{"start":{"line":95,"column":17},"end":{"line":97,"column":17}},"type":"binary-expr","locations":[{"start":{"line":95,"column":17},"end":{"line":95,"column":32}},{"start":{"line":95,"column":36},"end":{"line":95,"column":52}},{"start":{"line":96,"column":18},"end":{"line":96,"column":68}}],"line":95},"1":{"loc":{"start":{"line":98,"column":17},"end":{"line":100,"column":17}},"type":"binary-expr","locations":[{"start":{"line":98,"column":17},"end":{"line":98,"column":29}},{"start":{"line":98,"column":33},"end":{"line":98,"column":46}},{"start":{"line":99,"column":18},"end":{"line":99,"column":65}}],"line":98}},"s":{"0":1,"1":6,"2":6,"3":6,"4":6,"5":6,"6":6,"7":6,"8":0,"9":6,"10":0,"11":6,"12":2,"13":28,"14":1},"f":{"0":6,"1":6,"2":0,"3":0,"4":2,"5":28},"b":{"0":[28,2,2],"1":[28,4,4]},"_coverageSchema":"1a1c01bbd47fc00a2c39e90264f33305004495a9","hash":"7d9b9ccdf6a4570c08a3b850d631a9493fd20947"}
}
